<?xml version="1.0" encoding="UTF-8"?>
<testsuite xmlns:xsi="http://www.w3.org/2001/XMLSchema-instance" xsi:noNamespaceSchemaLocation="https://maven.apache.org/surefire/maven-surefire-plugin/xsd/surefire-test-report-3.0.xsd" version="3.0" name="com.intuit.topscorerservice.TopScorerApplicationTests" time="11.925" tests="2" errors="0" skipped="0" failures="0">
  <properties>
    <property name="java.specification.version" value="21"/>
    <property name="sun.jnu.encoding" value="UTF-8"/>
    <property name="java.class.path" value="/Users/vasusharma/IdeaProjects/top-scorer-service/target/test-classes:/Users/vasusharma/IdeaProjects/top-scorer-service/target/classes:/Users/vasusharma/.m2/repository/org/springframework/boot/spring-boot-starter-validation/3.3.1/spring-boot-starter-validation-3.3.1.jar:/Users/vasusharma/.m2/repository/org/springframework/boot/spring-boot-starter/3.2.4/spring-boot-starter-3.2.4.jar:/Users/vasusharma/.m2/repository/org/springframework/boot/spring-boot/3.2.4/spring-boot-3.2.4.jar:/Users/vasusharma/.m2/repository/org/springframework/boot/spring-boot-autoconfigure/3.2.4/spring-boot-autoconfigure-3.2.4.jar:/Users/vasusharma/.m2/repository/org/springframework/boot/spring-boot-starter-logging/3.2.4/spring-boot-starter-logging-3.2.4.jar:/Users/vasusharma/.m2/repository/ch/qos/logback/logback-classic/1.4.14/logback-classic-1.4.14.jar:/Users/vasusharma/.m2/repository/ch/qos/logback/logback-core/1.4.14/logback-core-1.4.14.jar:/Users/vasusharma/.m2/repository/org/apache/logging/log4j/log4j-to-slf4j/2.21.1/log4j-to-slf4j-2.21.1.jar:/Users/vasusharma/.m2/repository/org/apache/logging/log4j/log4j-api/2.21.1/log4j-api-2.21.1.jar:/Users/vasusharma/.m2/repository/org/slf4j/jul-to-slf4j/2.0.12/jul-to-slf4j-2.0.12.jar:/Users/vasusharma/.m2/repository/jakarta/annotation/jakarta.annotation-api/2.1.1/jakarta.annotation-api-2.1.1.jar:/Users/vasusharma/.m2/repository/org/yaml/snakeyaml/2.2/snakeyaml-2.2.jar:/Users/vasusharma/.m2/repository/org/apache/tomcat/embed/tomcat-embed-el/10.1.19/tomcat-embed-el-10.1.19.jar:/Users/vasusharma/.m2/repository/org/hibernate/validator/hibernate-validator/8.0.1.Final/hibernate-validator-8.0.1.Final.jar:/Users/vasusharma/.m2/repository/jakarta/validation/jakarta.validation-api/3.0.2/jakarta.validation-api-3.0.2.jar:/Users/vasusharma/.m2/repository/org/jboss/logging/jboss-logging/3.5.3.Final/jboss-logging-3.5.3.Final.jar:/Users/vasusharma/.m2/repository/com/fasterxml/classmate/1.6.0/classmate-1.6.0.jar:/Users/vasusharma/.m2/repository/org/postgresql/postgresql/42.7.3/postgresql-42.7.3.jar:/Users/vasusharma/.m2/repository/org/checkerframework/checker-qual/3.42.0/checker-qual-3.42.0.jar:/Users/vasusharma/.m2/repository/org/springframework/boot/spring-boot-starter-web/3.2.4/spring-boot-starter-web-3.2.4.jar:/Users/vasusharma/.m2/repository/org/springframework/boot/spring-boot-starter-json/3.2.4/spring-boot-starter-json-3.2.4.jar:/Users/vasusharma/.m2/repository/com/fasterxml/jackson/core/jackson-databind/2.15.4/jackson-databind-2.15.4.jar:/Users/vasusharma/.m2/repository/com/fasterxml/jackson/core/jackson-core/2.15.4/jackson-core-2.15.4.jar:/Users/vasusharma/.m2/repository/com/fasterxml/jackson/datatype/jackson-datatype-jdk8/2.15.4/jackson-datatype-jdk8-2.15.4.jar:/Users/vasusharma/.m2/repository/com/fasterxml/jackson/datatype/jackson-datatype-jsr310/2.15.4/jackson-datatype-jsr310-2.15.4.jar:/Users/vasusharma/.m2/repository/com/fasterxml/jackson/module/jackson-module-parameter-names/2.15.4/jackson-module-parameter-names-2.15.4.jar:/Users/vasusharma/.m2/repository/org/springframework/boot/spring-boot-starter-tomcat/3.2.4/spring-boot-starter-tomcat-3.2.4.jar:/Users/vasusharma/.m2/repository/org/apache/tomcat/embed/tomcat-embed-core/10.1.19/tomcat-embed-core-10.1.19.jar:/Users/vasusharma/.m2/repository/org/apache/tomcat/embed/tomcat-embed-websocket/10.1.19/tomcat-embed-websocket-10.1.19.jar:/Users/vasusharma/.m2/repository/org/springframework/spring-web/6.1.5/spring-web-6.1.5.jar:/Users/vasusharma/.m2/repository/org/springframework/spring-beans/6.1.5/spring-beans-6.1.5.jar:/Users/vasusharma/.m2/repository/org/springframework/spring-webmvc/6.1.5/spring-webmvc-6.1.5.jar:/Users/vasusharma/.m2/repository/org/springframework/spring-aop/6.1.5/spring-aop-6.1.5.jar:/Users/vasusharma/.m2/repository/org/springframework/spring-context/6.1.5/spring-context-6.1.5.jar:/Users/vasusharma/.m2/repository/org/springframework/spring-expression/6.1.5/spring-expression-6.1.5.jar:/Users/vasusharma/.m2/repository/org/springframework/boot/spring-boot-starter-test/3.2.4/spring-boot-starter-test-3.2.4.jar:/Users/vasusharma/.m2/repository/org/springframework/boot/spring-boot-test/3.2.4/spring-boot-test-3.2.4.jar:/Users/vasusharma/.m2/repository/org/springframework/boot/spring-boot-test-autoconfigure/3.2.4/spring-boot-test-autoconfigure-3.2.4.jar:/Users/vasusharma/.m2/repository/com/jayway/jsonpath/json-path/2.9.0/json-path-2.9.0.jar:/Users/vasusharma/.m2/repository/jakarta/xml/bind/jakarta.xml.bind-api/4.0.2/jakarta.xml.bind-api-4.0.2.jar:/Users/vasusharma/.m2/repository/jakarta/activation/jakarta.activation-api/2.1.3/jakarta.activation-api-2.1.3.jar:/Users/vasusharma/.m2/repository/net/minidev/json-smart/2.5.0/json-smart-2.5.0.jar:/Users/vasusharma/.m2/repository/net/minidev/accessors-smart/2.5.0/accessors-smart-2.5.0.jar:/Users/vasusharma/.m2/repository/org/ow2/asm/asm/9.3/asm-9.3.jar:/Users/vasusharma/.m2/repository/org/assertj/assertj-core/3.24.2/assertj-core-3.24.2.jar:/Users/vasusharma/.m2/repository/org/awaitility/awaitility/4.2.0/awaitility-4.2.0.jar:/Users/vasusharma/.m2/repository/org/hamcrest/hamcrest/2.2/hamcrest-2.2.jar:/Users/vasusharma/.m2/repository/org/junit/jupiter/junit-jupiter/5.10.2/junit-jupiter-5.10.2.jar:/Users/vasusharma/.m2/repository/org/junit/jupiter/junit-jupiter-api/5.10.2/junit-jupiter-api-5.10.2.jar:/Users/vasusharma/.m2/repository/org/opentest4j/opentest4j/1.3.0/opentest4j-1.3.0.jar:/Users/vasusharma/.m2/repository/org/junit/platform/junit-platform-commons/1.10.2/junit-platform-commons-1.10.2.jar:/Users/vasusharma/.m2/repository/org/apiguardian/apiguardian-api/1.1.2/apiguardian-api-1.1.2.jar:/Users/vasusharma/.m2/repository/org/junit/jupiter/junit-jupiter-params/5.10.2/junit-jupiter-params-5.10.2.jar:/Users/vasusharma/.m2/repository/org/junit/jupiter/junit-jupiter-engine/5.10.2/junit-jupiter-engine-5.10.2.jar:/Users/vasusharma/.m2/repository/org/junit/platform/junit-platform-engine/1.10.2/junit-platform-engine-1.10.2.jar:/Users/vasusharma/.m2/repository/org/mockito/mockito-junit-jupiter/5.11.0/mockito-junit-jupiter-5.11.0.jar:/Users/vasusharma/.m2/repository/org/skyscreamer/jsonassert/1.5.1/jsonassert-1.5.1.jar:/Users/vasusharma/.m2/repository/com/vaadin/external/google/android-json/0.0.20131108.vaadin1/android-json-0.0.20131108.vaadin1.jar:/Users/vasusharma/.m2/repository/org/springframework/spring-core/6.1.5/spring-core-6.1.5.jar:/Users/vasusharma/.m2/repository/org/springframework/spring-jcl/6.1.5/spring-jcl-6.1.5.jar:/Users/vasusharma/.m2/repository/org/springframework/spring-test/6.1.5/spring-test-6.1.5.jar:/Users/vasusharma/.m2/repository/org/xmlunit/xmlunit-core/2.9.1/xmlunit-core-2.9.1.jar:/Users/vasusharma/.m2/repository/org/springframework/boot/spring-boot-starter-actuator/3.2.4/spring-boot-starter-actuator-3.2.4.jar:/Users/vasusharma/.m2/repository/org/springframework/boot/spring-boot-actuator-autoconfigure/3.2.4/spring-boot-actuator-autoconfigure-3.2.4.jar:/Users/vasusharma/.m2/repository/org/springframework/boot/spring-boot-actuator/3.2.4/spring-boot-actuator-3.2.4.jar:/Users/vasusharma/.m2/repository/io/micrometer/micrometer-observation/1.12.4/micrometer-observation-1.12.4.jar:/Users/vasusharma/.m2/repository/io/micrometer/micrometer-commons/1.12.4/micrometer-commons-1.12.4.jar:/Users/vasusharma/.m2/repository/io/micrometer/micrometer-jakarta9/1.12.4/micrometer-jakarta9-1.12.4.jar:/Users/vasusharma/.m2/repository/io/micrometer/micrometer-core/1.12.4/micrometer-core-1.12.4.jar:/Users/vasusharma/.m2/repository/org/hdrhistogram/HdrHistogram/2.1.12/HdrHistogram-2.1.12.jar:/Users/vasusharma/.m2/repository/org/latencyutils/LatencyUtils/2.0.3/LatencyUtils-2.0.3.jar:/Users/vasusharma/.m2/repository/org/springframework/boot/spring-boot-starter-jdbc/3.2.4/spring-boot-starter-jdbc-3.2.4.jar:/Users/vasusharma/.m2/repository/com/zaxxer/HikariCP/5.0.1/HikariCP-5.0.1.jar:/Users/vasusharma/.m2/repository/org/springframework/spring-jdbc/6.1.5/spring-jdbc-6.1.5.jar:/Users/vasusharma/.m2/repository/org/springframework/spring-tx/6.1.5/spring-tx-6.1.5.jar:/Users/vasusharma/.m2/repository/org/springframework/boot/spring-boot-starter-data-redis/3.2.4/spring-boot-starter-data-redis-3.2.4.jar:/Users/vasusharma/.m2/repository/io/lettuce/lettuce-core/6.3.2.RELEASE/lettuce-core-6.3.2.RELEASE.jar:/Users/vasusharma/.m2/repository/io/netty/netty-common/4.1.107.Final/netty-common-4.1.107.Final.jar:/Users/vasusharma/.m2/repository/io/netty/netty-handler/4.1.107.Final/netty-handler-4.1.107.Final.jar:/Users/vasusharma/.m2/repository/io/netty/netty-resolver/4.1.107.Final/netty-resolver-4.1.107.Final.jar:/Users/vasusharma/.m2/repository/io/netty/netty-buffer/4.1.107.Final/netty-buffer-4.1.107.Final.jar:/Users/vasusharma/.m2/repository/io/netty/netty-transport-native-unix-common/4.1.107.Final/netty-transport-native-unix-common-4.1.107.Final.jar:/Users/vasusharma/.m2/repository/io/netty/netty-codec/4.1.107.Final/netty-codec-4.1.107.Final.jar:/Users/vasusharma/.m2/repository/io/netty/netty-transport/4.1.107.Final/netty-transport-4.1.107.Final.jar:/Users/vasusharma/.m2/repository/io/projectreactor/reactor-core/3.6.4/reactor-core-3.6.4.jar:/Users/vasusharma/.m2/repository/org/reactivestreams/reactive-streams/1.0.4/reactive-streams-1.0.4.jar:/Users/vasusharma/.m2/repository/org/springframework/data/spring-data-redis/3.2.4/spring-data-redis-3.2.4.jar:/Users/vasusharma/.m2/repository/org/springframework/data/spring-data-keyvalue/3.2.4/spring-data-keyvalue-3.2.4.jar:/Users/vasusharma/.m2/repository/org/springframework/data/spring-data-commons/3.2.4/spring-data-commons-3.2.4.jar:/Users/vasusharma/.m2/repository/org/springframework/spring-oxm/6.1.5/spring-oxm-6.1.5.jar:/Users/vasusharma/.m2/repository/org/springframework/spring-context-support/6.1.5/spring-context-support-6.1.5.jar:/Users/vasusharma/.m2/repository/org/projectlombok/lombok/1.18.32/lombok-1.18.32.jar:/Users/vasusharma/.m2/repository/org/mapstruct/mapstruct/1.6.0.Beta1/mapstruct-1.6.0.Beta1.jar:/Users/vasusharma/.m2/repository/commons-io/commons-io/2.16.0/commons-io-2.16.0.jar:/Users/vasusharma/.m2/repository/org/apache/commons/commons-lang3/3.14.0/commons-lang3-3.14.0.jar:/Users/vasusharma/.m2/repository/commons-codec/commons-codec/1.16.1/commons-codec-1.16.1.jar:/Users/vasusharma/.m2/repository/org/mockito/mockito-core/5.11.0/mockito-core-5.11.0.jar:/Users/vasusharma/.m2/repository/net/bytebuddy/byte-buddy/1.14.12/byte-buddy-1.14.12.jar:/Users/vasusharma/.m2/repository/net/bytebuddy/byte-buddy-agent/1.14.12/byte-buddy-agent-1.14.12.jar:/Users/vasusharma/.m2/repository/org/objenesis/objenesis/3.3/objenesis-3.3.jar:/Users/vasusharma/.m2/repository/junit/junit/4.13.2/junit-4.13.2.jar:/Users/vasusharma/.m2/repository/org/hamcrest/hamcrest-core/2.2/hamcrest-core-2.2.jar:/Users/vasusharma/.m2/repository/org/testcontainers/postgresql/1.19.8/postgresql-1.19.8.jar:/Users/vasusharma/.m2/repository/org/testcontainers/jdbc/1.19.7/jdbc-1.19.7.jar:/Users/vasusharma/.m2/repository/org/testcontainers/database-commons/1.19.7/database-commons-1.19.7.jar:/Users/vasusharma/.m2/repository/org/testcontainers/rabbitmq/1.19.8/rabbitmq-1.19.8.jar:/Users/vasusharma/.m2/repository/org/testcontainers/junit-jupiter/1.19.8/junit-jupiter-1.19.8.jar:/Users/vasusharma/.m2/repository/org/testcontainers/testcontainers/1.19.8/testcontainers-1.19.8.jar:/Users/vasusharma/.m2/repository/org/slf4j/slf4j-api/2.0.12/slf4j-api-2.0.12.jar:/Users/vasusharma/.m2/repository/org/apache/commons/commons-compress/1.24.0/commons-compress-1.24.0.jar:/Users/vasusharma/.m2/repository/org/rnorth/duct-tape/duct-tape/1.0.8/duct-tape-1.0.8.jar:/Users/vasusharma/.m2/repository/org/jetbrains/annotations/17.0.0/annotations-17.0.0.jar:/Users/vasusharma/.m2/repository/com/github/docker-java/docker-java-api/3.3.6/docker-java-api-3.3.6.jar:/Users/vasusharma/.m2/repository/com/fasterxml/jackson/core/jackson-annotations/2.15.4/jackson-annotations-2.15.4.jar:/Users/vasusharma/.m2/repository/com/github/docker-java/docker-java-transport-zerodep/3.3.6/docker-java-transport-zerodep-3.3.6.jar:/Users/vasusharma/.m2/repository/com/github/docker-java/docker-java-transport/3.3.6/docker-java-transport-3.3.6.jar:/Users/vasusharma/.m2/repository/net/java/dev/jna/jna/5.13.0/jna-5.13.0.jar:/Users/vasusharma/.m2/repository/org/springframework/boot/spring-boot-starter-amqp/3.2.4/spring-boot-starter-amqp-3.2.4.jar:/Users/vasusharma/.m2/repository/org/springframework/spring-messaging/6.1.5/spring-messaging-6.1.5.jar:/Users/vasusharma/.m2/repository/org/springframework/amqp/spring-rabbit/3.1.3/spring-rabbit-3.1.3.jar:/Users/vasusharma/.m2/repository/org/springframework/amqp/spring-amqp/3.1.3/spring-amqp-3.1.3.jar:/Users/vasusharma/.m2/repository/org/springframework/retry/spring-retry/2.0.5/spring-retry-2.0.5.jar:/Users/vasusharma/.m2/repository/com/rabbitmq/amqp-client/5.19.0/amqp-client-5.19.0.jar:/Users/vasusharma/.m2/repository/org/springframework/amqp/spring-rabbit-test/3.1.3/spring-rabbit-test-3.1.3.jar:/Users/vasusharma/.m2/repository/org/springframework/amqp/spring-rabbit-junit/3.1.3/spring-rabbit-junit-3.1.3.jar:/Users/vasusharma/.m2/repository/org/hamcrest/hamcrest-library/2.2/hamcrest-library-2.2.jar:"/>
    <property name="java.vm.vendor" value="Amazon.com Inc."/>
    <property name="sun.arch.data.model" value="64"/>
    <property name="java.vendor.url" value="https://aws.amazon.com/corretto/"/>
    <property name="catalina.useNaming" value="false"/>
    <property name="user.timezone" value="Asia/Kolkata"/>
    <property name="org.jboss.logging.provider" value="slf4j"/>
    <property name="os.name" value="Mac OS X"/>
    <property name="java.vm.specification.version" value="21"/>
    <property name="sun.java.launcher" value="SUN_STANDARD"/>
    <property name="user.country" value="US"/>
    <property name="sun.boot.library.path" value="/Users/vasusharma/Library/Java/JavaVirtualMachines/corretto-21.0.3/Contents/Home/lib"/>
    <property name="sun.java.command" value="/Users/vasusharma/IdeaProjects/top-scorer-service/target/surefire/surefirebooter-20240707224421735_3.jar /Users/vasusharma/IdeaProjects/top-scorer-service/target/surefire 2024-07-07T22-44-21_693-jvmRun1 surefire-20240707224421735_1tmp surefire_0-20240707224421735_2tmp"/>
    <property name="http.nonProxyHosts" value="local|*.local|169.254/16|*.169.254/16"/>
    <property name="jdk.debug" value="release"/>
    <property name="surefire.test.class.path" value="/Users/vasusharma/IdeaProjects/top-scorer-service/target/test-classes:/Users/vasusharma/IdeaProjects/top-scorer-service/target/classes:/Users/vasusharma/.m2/repository/org/springframework/boot/spring-boot-starter-validation/3.3.1/spring-boot-starter-validation-3.3.1.jar:/Users/vasusharma/.m2/repository/org/springframework/boot/spring-boot-starter/3.2.4/spring-boot-starter-3.2.4.jar:/Users/vasusharma/.m2/repository/org/springframework/boot/spring-boot/3.2.4/spring-boot-3.2.4.jar:/Users/vasusharma/.m2/repository/org/springframework/boot/spring-boot-autoconfigure/3.2.4/spring-boot-autoconfigure-3.2.4.jar:/Users/vasusharma/.m2/repository/org/springframework/boot/spring-boot-starter-logging/3.2.4/spring-boot-starter-logging-3.2.4.jar:/Users/vasusharma/.m2/repository/ch/qos/logback/logback-classic/1.4.14/logback-classic-1.4.14.jar:/Users/vasusharma/.m2/repository/ch/qos/logback/logback-core/1.4.14/logback-core-1.4.14.jar:/Users/vasusharma/.m2/repository/org/apache/logging/log4j/log4j-to-slf4j/2.21.1/log4j-to-slf4j-2.21.1.jar:/Users/vasusharma/.m2/repository/org/apache/logging/log4j/log4j-api/2.21.1/log4j-api-2.21.1.jar:/Users/vasusharma/.m2/repository/org/slf4j/jul-to-slf4j/2.0.12/jul-to-slf4j-2.0.12.jar:/Users/vasusharma/.m2/repository/jakarta/annotation/jakarta.annotation-api/2.1.1/jakarta.annotation-api-2.1.1.jar:/Users/vasusharma/.m2/repository/org/yaml/snakeyaml/2.2/snakeyaml-2.2.jar:/Users/vasusharma/.m2/repository/org/apache/tomcat/embed/tomcat-embed-el/10.1.19/tomcat-embed-el-10.1.19.jar:/Users/vasusharma/.m2/repository/org/hibernate/validator/hibernate-validator/8.0.1.Final/hibernate-validator-8.0.1.Final.jar:/Users/vasusharma/.m2/repository/jakarta/validation/jakarta.validation-api/3.0.2/jakarta.validation-api-3.0.2.jar:/Users/vasusharma/.m2/repository/org/jboss/logging/jboss-logging/3.5.3.Final/jboss-logging-3.5.3.Final.jar:/Users/vasusharma/.m2/repository/com/fasterxml/classmate/1.6.0/classmate-1.6.0.jar:/Users/vasusharma/.m2/repository/org/postgresql/postgresql/42.7.3/postgresql-42.7.3.jar:/Users/vasusharma/.m2/repository/org/checkerframework/checker-qual/3.42.0/checker-qual-3.42.0.jar:/Users/vasusharma/.m2/repository/org/springframework/boot/spring-boot-starter-web/3.2.4/spring-boot-starter-web-3.2.4.jar:/Users/vasusharma/.m2/repository/org/springframework/boot/spring-boot-starter-json/3.2.4/spring-boot-starter-json-3.2.4.jar:/Users/vasusharma/.m2/repository/com/fasterxml/jackson/core/jackson-databind/2.15.4/jackson-databind-2.15.4.jar:/Users/vasusharma/.m2/repository/com/fasterxml/jackson/core/jackson-core/2.15.4/jackson-core-2.15.4.jar:/Users/vasusharma/.m2/repository/com/fasterxml/jackson/datatype/jackson-datatype-jdk8/2.15.4/jackson-datatype-jdk8-2.15.4.jar:/Users/vasusharma/.m2/repository/com/fasterxml/jackson/datatype/jackson-datatype-jsr310/2.15.4/jackson-datatype-jsr310-2.15.4.jar:/Users/vasusharma/.m2/repository/com/fasterxml/jackson/module/jackson-module-parameter-names/2.15.4/jackson-module-parameter-names-2.15.4.jar:/Users/vasusharma/.m2/repository/org/springframework/boot/spring-boot-starter-tomcat/3.2.4/spring-boot-starter-tomcat-3.2.4.jar:/Users/vasusharma/.m2/repository/org/apache/tomcat/embed/tomcat-embed-core/10.1.19/tomcat-embed-core-10.1.19.jar:/Users/vasusharma/.m2/repository/org/apache/tomcat/embed/tomcat-embed-websocket/10.1.19/tomcat-embed-websocket-10.1.19.jar:/Users/vasusharma/.m2/repository/org/springframework/spring-web/6.1.5/spring-web-6.1.5.jar:/Users/vasusharma/.m2/repository/org/springframework/spring-beans/6.1.5/spring-beans-6.1.5.jar:/Users/vasusharma/.m2/repository/org/springframework/spring-webmvc/6.1.5/spring-webmvc-6.1.5.jar:/Users/vasusharma/.m2/repository/org/springframework/spring-aop/6.1.5/spring-aop-6.1.5.jar:/Users/vasusharma/.m2/repository/org/springframework/spring-context/6.1.5/spring-context-6.1.5.jar:/Users/vasusharma/.m2/repository/org/springframework/spring-expression/6.1.5/spring-expression-6.1.5.jar:/Users/vasusharma/.m2/repository/org/springframework/boot/spring-boot-starter-test/3.2.4/spring-boot-starter-test-3.2.4.jar:/Users/vasusharma/.m2/repository/org/springframework/boot/spring-boot-test/3.2.4/spring-boot-test-3.2.4.jar:/Users/vasusharma/.m2/repository/org/springframework/boot/spring-boot-test-autoconfigure/3.2.4/spring-boot-test-autoconfigure-3.2.4.jar:/Users/vasusharma/.m2/repository/com/jayway/jsonpath/json-path/2.9.0/json-path-2.9.0.jar:/Users/vasusharma/.m2/repository/jakarta/xml/bind/jakarta.xml.bind-api/4.0.2/jakarta.xml.bind-api-4.0.2.jar:/Users/vasusharma/.m2/repository/jakarta/activation/jakarta.activation-api/2.1.3/jakarta.activation-api-2.1.3.jar:/Users/vasusharma/.m2/repository/net/minidev/json-smart/2.5.0/json-smart-2.5.0.jar:/Users/vasusharma/.m2/repository/net/minidev/accessors-smart/2.5.0/accessors-smart-2.5.0.jar:/Users/vasusharma/.m2/repository/org/ow2/asm/asm/9.3/asm-9.3.jar:/Users/vasusharma/.m2/repository/org/assertj/assertj-core/3.24.2/assertj-core-3.24.2.jar:/Users/vasusharma/.m2/repository/org/awaitility/awaitility/4.2.0/awaitility-4.2.0.jar:/Users/vasusharma/.m2/repository/org/hamcrest/hamcrest/2.2/hamcrest-2.2.jar:/Users/vasusharma/.m2/repository/org/junit/jupiter/junit-jupiter/5.10.2/junit-jupiter-5.10.2.jar:/Users/vasusharma/.m2/repository/org/junit/jupiter/junit-jupiter-api/5.10.2/junit-jupiter-api-5.10.2.jar:/Users/vasusharma/.m2/repository/org/opentest4j/opentest4j/1.3.0/opentest4j-1.3.0.jar:/Users/vasusharma/.m2/repository/org/junit/platform/junit-platform-commons/1.10.2/junit-platform-commons-1.10.2.jar:/Users/vasusharma/.m2/repository/org/apiguardian/apiguardian-api/1.1.2/apiguardian-api-1.1.2.jar:/Users/vasusharma/.m2/repository/org/junit/jupiter/junit-jupiter-params/5.10.2/junit-jupiter-params-5.10.2.jar:/Users/vasusharma/.m2/repository/org/junit/jupiter/junit-jupiter-engine/5.10.2/junit-jupiter-engine-5.10.2.jar:/Users/vasusharma/.m2/repository/org/junit/platform/junit-platform-engine/1.10.2/junit-platform-engine-1.10.2.jar:/Users/vasusharma/.m2/repository/org/mockito/mockito-junit-jupiter/5.11.0/mockito-junit-jupiter-5.11.0.jar:/Users/vasusharma/.m2/repository/org/skyscreamer/jsonassert/1.5.1/jsonassert-1.5.1.jar:/Users/vasusharma/.m2/repository/com/vaadin/external/google/android-json/0.0.20131108.vaadin1/android-json-0.0.20131108.vaadin1.jar:/Users/vasusharma/.m2/repository/org/springframework/spring-core/6.1.5/spring-core-6.1.5.jar:/Users/vasusharma/.m2/repository/org/springframework/spring-jcl/6.1.5/spring-jcl-6.1.5.jar:/Users/vasusharma/.m2/repository/org/springframework/spring-test/6.1.5/spring-test-6.1.5.jar:/Users/vasusharma/.m2/repository/org/xmlunit/xmlunit-core/2.9.1/xmlunit-core-2.9.1.jar:/Users/vasusharma/.m2/repository/org/springframework/boot/spring-boot-starter-actuator/3.2.4/spring-boot-starter-actuator-3.2.4.jar:/Users/vasusharma/.m2/repository/org/springframework/boot/spring-boot-actuator-autoconfigure/3.2.4/spring-boot-actuator-autoconfigure-3.2.4.jar:/Users/vasusharma/.m2/repository/org/springframework/boot/spring-boot-actuator/3.2.4/spring-boot-actuator-3.2.4.jar:/Users/vasusharma/.m2/repository/io/micrometer/micrometer-observation/1.12.4/micrometer-observation-1.12.4.jar:/Users/vasusharma/.m2/repository/io/micrometer/micrometer-commons/1.12.4/micrometer-commons-1.12.4.jar:/Users/vasusharma/.m2/repository/io/micrometer/micrometer-jakarta9/1.12.4/micrometer-jakarta9-1.12.4.jar:/Users/vasusharma/.m2/repository/io/micrometer/micrometer-core/1.12.4/micrometer-core-1.12.4.jar:/Users/vasusharma/.m2/repository/org/hdrhistogram/HdrHistogram/2.1.12/HdrHistogram-2.1.12.jar:/Users/vasusharma/.m2/repository/org/latencyutils/LatencyUtils/2.0.3/LatencyUtils-2.0.3.jar:/Users/vasusharma/.m2/repository/org/springframework/boot/spring-boot-starter-jdbc/3.2.4/spring-boot-starter-jdbc-3.2.4.jar:/Users/vasusharma/.m2/repository/com/zaxxer/HikariCP/5.0.1/HikariCP-5.0.1.jar:/Users/vasusharma/.m2/repository/org/springframework/spring-jdbc/6.1.5/spring-jdbc-6.1.5.jar:/Users/vasusharma/.m2/repository/org/springframework/spring-tx/6.1.5/spring-tx-6.1.5.jar:/Users/vasusharma/.m2/repository/org/springframework/boot/spring-boot-starter-data-redis/3.2.4/spring-boot-starter-data-redis-3.2.4.jar:/Users/vasusharma/.m2/repository/io/lettuce/lettuce-core/6.3.2.RELEASE/lettuce-core-6.3.2.RELEASE.jar:/Users/vasusharma/.m2/repository/io/netty/netty-common/4.1.107.Final/netty-common-4.1.107.Final.jar:/Users/vasusharma/.m2/repository/io/netty/netty-handler/4.1.107.Final/netty-handler-4.1.107.Final.jar:/Users/vasusharma/.m2/repository/io/netty/netty-resolver/4.1.107.Final/netty-resolver-4.1.107.Final.jar:/Users/vasusharma/.m2/repository/io/netty/netty-buffer/4.1.107.Final/netty-buffer-4.1.107.Final.jar:/Users/vasusharma/.m2/repository/io/netty/netty-transport-native-unix-common/4.1.107.Final/netty-transport-native-unix-common-4.1.107.Final.jar:/Users/vasusharma/.m2/repository/io/netty/netty-codec/4.1.107.Final/netty-codec-4.1.107.Final.jar:/Users/vasusharma/.m2/repository/io/netty/netty-transport/4.1.107.Final/netty-transport-4.1.107.Final.jar:/Users/vasusharma/.m2/repository/io/projectreactor/reactor-core/3.6.4/reactor-core-3.6.4.jar:/Users/vasusharma/.m2/repository/org/reactivestreams/reactive-streams/1.0.4/reactive-streams-1.0.4.jar:/Users/vasusharma/.m2/repository/org/springframework/data/spring-data-redis/3.2.4/spring-data-redis-3.2.4.jar:/Users/vasusharma/.m2/repository/org/springframework/data/spring-data-keyvalue/3.2.4/spring-data-keyvalue-3.2.4.jar:/Users/vasusharma/.m2/repository/org/springframework/data/spring-data-commons/3.2.4/spring-data-commons-3.2.4.jar:/Users/vasusharma/.m2/repository/org/springframework/spring-oxm/6.1.5/spring-oxm-6.1.5.jar:/Users/vasusharma/.m2/repository/org/springframework/spring-context-support/6.1.5/spring-context-support-6.1.5.jar:/Users/vasusharma/.m2/repository/org/projectlombok/lombok/1.18.32/lombok-1.18.32.jar:/Users/vasusharma/.m2/repository/org/mapstruct/mapstruct/1.6.0.Beta1/mapstruct-1.6.0.Beta1.jar:/Users/vasusharma/.m2/repository/commons-io/commons-io/2.16.0/commons-io-2.16.0.jar:/Users/vasusharma/.m2/repository/org/apache/commons/commons-lang3/3.14.0/commons-lang3-3.14.0.jar:/Users/vasusharma/.m2/repository/commons-codec/commons-codec/1.16.1/commons-codec-1.16.1.jar:/Users/vasusharma/.m2/repository/org/mockito/mockito-core/5.11.0/mockito-core-5.11.0.jar:/Users/vasusharma/.m2/repository/net/bytebuddy/byte-buddy/1.14.12/byte-buddy-1.14.12.jar:/Users/vasusharma/.m2/repository/net/bytebuddy/byte-buddy-agent/1.14.12/byte-buddy-agent-1.14.12.jar:/Users/vasusharma/.m2/repository/org/objenesis/objenesis/3.3/objenesis-3.3.jar:/Users/vasusharma/.m2/repository/junit/junit/4.13.2/junit-4.13.2.jar:/Users/vasusharma/.m2/repository/org/hamcrest/hamcrest-core/2.2/hamcrest-core-2.2.jar:/Users/vasusharma/.m2/repository/org/testcontainers/postgresql/1.19.8/postgresql-1.19.8.jar:/Users/vasusharma/.m2/repository/org/testcontainers/jdbc/1.19.7/jdbc-1.19.7.jar:/Users/vasusharma/.m2/repository/org/testcontainers/database-commons/1.19.7/database-commons-1.19.7.jar:/Users/vasusharma/.m2/repository/org/testcontainers/rabbitmq/1.19.8/rabbitmq-1.19.8.jar:/Users/vasusharma/.m2/repository/org/testcontainers/junit-jupiter/1.19.8/junit-jupiter-1.19.8.jar:/Users/vasusharma/.m2/repository/org/testcontainers/testcontainers/1.19.8/testcontainers-1.19.8.jar:/Users/vasusharma/.m2/repository/org/slf4j/slf4j-api/2.0.12/slf4j-api-2.0.12.jar:/Users/vasusharma/.m2/repository/org/apache/commons/commons-compress/1.24.0/commons-compress-1.24.0.jar:/Users/vasusharma/.m2/repository/org/rnorth/duct-tape/duct-tape/1.0.8/duct-tape-1.0.8.jar:/Users/vasusharma/.m2/repository/org/jetbrains/annotations/17.0.0/annotations-17.0.0.jar:/Users/vasusharma/.m2/repository/com/github/docker-java/docker-java-api/3.3.6/docker-java-api-3.3.6.jar:/Users/vasusharma/.m2/repository/com/fasterxml/jackson/core/jackson-annotations/2.15.4/jackson-annotations-2.15.4.jar:/Users/vasusharma/.m2/repository/com/github/docker-java/docker-java-transport-zerodep/3.3.6/docker-java-transport-zerodep-3.3.6.jar:/Users/vasusharma/.m2/repository/com/github/docker-java/docker-java-transport/3.3.6/docker-java-transport-3.3.6.jar:/Users/vasusharma/.m2/repository/net/java/dev/jna/jna/5.13.0/jna-5.13.0.jar:/Users/vasusharma/.m2/repository/org/springframework/boot/spring-boot-starter-amqp/3.2.4/spring-boot-starter-amqp-3.2.4.jar:/Users/vasusharma/.m2/repository/org/springframework/spring-messaging/6.1.5/spring-messaging-6.1.5.jar:/Users/vasusharma/.m2/repository/org/springframework/amqp/spring-rabbit/3.1.3/spring-rabbit-3.1.3.jar:/Users/vasusharma/.m2/repository/org/springframework/amqp/spring-amqp/3.1.3/spring-amqp-3.1.3.jar:/Users/vasusharma/.m2/repository/org/springframework/retry/spring-retry/2.0.5/spring-retry-2.0.5.jar:/Users/vasusharma/.m2/repository/com/rabbitmq/amqp-client/5.19.0/amqp-client-5.19.0.jar:/Users/vasusharma/.m2/repository/org/springframework/amqp/spring-rabbit-test/3.1.3/spring-rabbit-test-3.1.3.jar:/Users/vasusharma/.m2/repository/org/springframework/amqp/spring-rabbit-junit/3.1.3/spring-rabbit-junit-3.1.3.jar:/Users/vasusharma/.m2/repository/org/hamcrest/hamcrest-library/2.2/hamcrest-library-2.2.jar:"/>
    <property name="sun.cpu.endian" value="little"/>
    <property name="user.home" value="/Users/vasusharma"/>
    <property name="user.language" value="en"/>
    <property name="java.specification.vendor" value="Oracle Corporation"/>
    <property name="java.version.date" value="2024-04-16"/>
    <property name="java.home" value="/Users/vasusharma/Library/Java/JavaVirtualMachines/corretto-21.0.3/Contents/Home"/>
    <property name="file.separator" value="/"/>
    <property name="basedir" value="/Users/vasusharma/IdeaProjects/top-scorer-service"/>
    <property name="java.vm.compressedOopsMode" value="Zero based"/>
    <property name="line.separator" value="&#10;"/>
    <property name="java.vm.specification.vendor" value="Oracle Corporation"/>
    <property name="java.specification.name" value="Java Platform API Specification"/>
    <property name="FILE_LOG_CHARSET" value="UTF-8"/>
    <property name="java.awt.headless" value="true"/>
    <property name="apple.awt.application.name" value="ForkedBooter"/>
    <property name="surefire.real.class.path" value="/Users/vasusharma/IdeaProjects/top-scorer-service/target/surefire/surefirebooter-20240707224421735_3.jar"/>
    <property name="sun.management.compiler" value="HotSpot 64-Bit Tiered Compilers"/>
    <property name="ftp.nonProxyHosts" value="local|*.local|169.254/16|*.169.254/16"/>
    <property name="java.runtime.version" value="21.0.3+9-LTS"/>
    <property name="user.name" value="vasusharma"/>
    <property name="stdout.encoding" value="UTF-8"/>
    <property name="path.separator" value=":"/>
    <property name="os.version" value="14.5"/>
    <property name="java.runtime.name" value="OpenJDK Runtime Environment"/>
    <property name="file.encoding" value="UTF-8"/>
    <property name="java.vm.name" value="OpenJDK 64-Bit Server VM"/>
    <property name="java.vendor.version" value="Corretto-21.0.3.9.1"/>
    <property name="localRepository" value="/Users/vasusharma/.m2/repository"/>
    <property name="java.vendor.url.bug" value="https://github.com/corretto/corretto-21/issues/"/>
    <property name="java.io.tmpdir" value="/var/folders/ll/4wz8cl2j0wl24cmk22l3bsgr0000gn/T/"/>
    <property name="idea.version" value="2024.1.4"/>
    <property name="catalina.home" value="/private/var/folders/ll/4wz8cl2j0wl24cmk22l3bsgr0000gn/T/tomcat.0.15449042669087515051"/>
    <property name="com.zaxxer.hikari.pool_number" value="1"/>
    <property name="java.version" value="21.0.3"/>
    <property name="user.dir" value="/Users/vasusharma/IdeaProjects/top-scorer-service"/>
    <property name="os.arch" value="aarch64"/>
    <property name="java.vm.specification.name" value="Java Virtual Machine Specification"/>
    <property name="PID" value="21003"/>
    <property name="CONSOLE_LOG_CHARSET" value="UTF-8"/>
    <property name="catalina.base" value="/private/var/folders/ll/4wz8cl2j0wl24cmk22l3bsgr0000gn/T/tomcat.0.15449042669087515051"/>
    <property name="native.encoding" value="UTF-8"/>
    <property name="java.library.path" value="/Users/vasusharma/Library/Java/Extensions:/Library/Java/Extensions:/Network/Library/Java/Extensions:/System/Library/Java/Extensions:/usr/lib/java:."/>
    <property name="java.vm.info" value="mixed mode, sharing"/>
    <property name="stderr.encoding" value="UTF-8"/>
    <property name="java.vendor" value="Amazon.com Inc."/>
    <property name="java.vm.version" value="21.0.3+9-LTS"/>
    <property name="sun.io.unicode.encoding" value="UnicodeBig"/>
    <property name="socksNonProxyHosts" value="local|*.local|169.254/16|*.169.254/16"/>
    <property name="java.class.version" value="65.0"/>
  </properties>
  <testcase name="test_ShouldReturnEmptyOnEmptyTable" classname="com.intuit.topscorerservice.TopScorerApplicationTests" time="0.327">
    <system-out><![CDATA[22:44:24.323 [main] INFO  o.s.t.c.s.AnnotationConfigContextLoaderUtils -  - Could not detect default configuration classes for test class [com.intuit.topscorerservice.TopScorerApplicationTests]: TopScorerApplicationTests does not declare any static, non-private, non-final, nested classes annotated with @Configuration.
22:44:24.328 [main] INFO  o.s.b.t.c.SpringBootTestContextBootstrapper -  - Found @SpringBootConfiguration com.intuit.topscorerservice.TopScorerApplication for test class com.intuit.topscorerservice.TopScorerApplicationTests
22:44:24.345 [main] INFO  o.testcontainers.images.PullPolicy -  - Image pull policy will be performed by: DefaultPullPolicy()
22:44:24.346 [main] INFO  o.t.utility.ImageNameSubstitutor -  - Image name substitution will be performed by: DefaultImageNameSubstitutor (composite of 'ConfigurationFileImageNameSubstitutor' and 'PrefixingImageNameSubstitutor')
22:44:24.465 [main] INFO  o.t.d.DockerClientProviderStrategy -  - Loaded org.testcontainers.dockerclient.UnixSocketClientProviderStrategy from ~/.testcontainers.properties, will try it first
22:44:24.628 [main] INFO  o.t.d.DockerClientProviderStrategy -  - Found Docker environment with local Unix socket (unix:///var/run/docker.sock)
22:44:24.628 [main] INFO  o.testcontainers.DockerClientFactory -  - Docker host IP address is localhost
22:44:24.642 [main] INFO  o.testcontainers.DockerClientFactory -  - Connected to docker: 
  Server Version: 26.1.4
  API Version: 1.45
  Operating System: Docker Desktop
  Total Memory: 3922 MB
22:44:24.657 [main] INFO  tc.testcontainers/ryuk:0.7.0 -  - Creating container for image: testcontainers/ryuk:0.7.0
22:44:24.899 [main] INFO  tc.testcontainers/ryuk:0.7.0 -  - Container testcontainers/ryuk:0.7.0 is starting: dc3d1969b73bc2fe4c960dfbcfe715075017d1fe23bd6cfdd01fd7659304f153
22:44:25.475 [main] INFO  tc.testcontainers/ryuk:0.7.0 -  - Container testcontainers/ryuk:0.7.0 started in PT0.818301S
22:44:25.688 [main] INFO  o.t.utility.RyukResourceReaper -  - Ryuk started - will monitor and terminate Testcontainers containers on JVM exit
22:44:25.689 [main] INFO  o.testcontainers.DockerClientFactory -  - Checking the system...
22:44:25.690 [main] INFO  o.testcontainers.DockerClientFactory -  - ✔︎ Docker server version should be at least 1.6.0
22:44:25.691 [main] INFO  tc.redis:6.2.6 -  - Creating container for image: redis:6.2.6
22:44:25.695 [main] INFO  tc.testcontainers/sshd:1.2.0 -  - Creating container for image: testcontainers/sshd:1.2.0
22:44:25.765 [main] INFO  tc.testcontainers/sshd:1.2.0 -  - Container testcontainers/sshd:1.2.0 is starting: fd36962388ded193a910cd4f517df95361829490373158d3af02fa15013c9255
22:44:26.217 [main] INFO  tc.testcontainers/sshd:1.2.0 -  - Container testcontainers/sshd:1.2.0 started in PT0.522539S
22:44:26.379 [main] INFO  tc.redis:6.2.6 -  - Container redis:6.2.6 is starting: c96371d6be8b2fd270952985e0fb864f9126e7b14b470c69b0afac1b87b2e110
22:44:26.664 [main] INFO  tc.redis:6.2.6 -  - Container redis:6.2.6 started in PT0.972639S
22:44:26.664 [main] INFO  tc.postgres:16-alpine -  - Creating container for image: postgres:16-alpine
22:44:26.710 [main] INFO  tc.postgres:16-alpine -  - Container postgres:16-alpine is starting: e21248b03717dd7abdd5f766b5589ca84efdd243d0fcec86bb673869b65eeb15
22:44:28.138 [main] INFO  tc.postgres:16-alpine -  - Container postgres:16-alpine started in PT1.474138S
22:44:28.142 [main] INFO  tc.postgres:16-alpine -  - Container is started (JDBC URL: jdbc:postgresql://localhost:64430/craft_demo?loggerLevel=OFF)
22:44:28.143 [main] INFO  tc.rabbitmq:3.8-management -  - Creating container for image: rabbitmq:3.8-management
22:44:28.196 [main] INFO  tc.rabbitmq:3.8-management -  - Container rabbitmq:3.8-management is starting: 2260249dd1c8ba4bcdd81fd31994faa80ea65cc89746e1b4109a17b9e8041716
22:44:34.346 [main] INFO  tc.rabbitmq:3.8-management -  - Container rabbitmq:3.8-management started in PT6.203121S
22:44:34.356 [main] INFO  c.i.t.data.CreateDbSchema -  - Applying: /Users/vasusharma/IdeaProjects/top-scorer-service/schema/001.sql
22:44:34.358 [main] INFO  org.testcontainers.ext.ScriptUtils -  - Executing database script from 
22:44:34.527 [main] INFO  org.testcontainers.ext.ScriptUtils -  - Executed database script from  in 169 ms.
22:44:34.527 [main] INFO  c.i.t.data.CreateDbSchema -  - Applying: /Users/vasusharma/IdeaProjects/top-scorer-service/schema/002.sql
22:44:34.527 [main] INFO  org.testcontainers.ext.ScriptUtils -  - Executing database script from 
22:44:34.547 [main] INFO  org.testcontainers.ext.ScriptUtils -  - Executed database script from  in 20 ms.

  .   ____          _            __ _ _
 /\\ / ___'_ __ _ _(_)_ __  __ _ \ \ \ \
( ( )\___ | '_ | '_| | '_ \/ _` | \ \ \ \
 \\/  ___)| |_)| | | | | || (_| |  ) ) ) )
  '  |____| .__|_| |_|_| |_\__, | / / / /
 =========|_|==============|___/=/_/_/_/
 :: Spring Boot ::                (v3.2.4)

22:44:34.566 [main] INFO  c.i.t.TopScorerApplicationTests -  - Starting TopScorerApplicationTests using Java 21.0.3 with PID 21003 (started by vasusharma in /Users/vasusharma/IdeaProjects/top-scorer-service)
22:44:34.567 [main] INFO  c.i.t.TopScorerApplicationTests -  - The following 1 profile is active: "integration-test"
22:44:34.884 [main] INFO  o.s.d.r.c.RepositoryConfigurationDelegate -  - Multiple Spring Data modules found, entering strict repository configuration mode
22:44:34.886 [main] INFO  o.s.d.r.c.RepositoryConfigurationDelegate -  - Bootstrapping Spring Data Redis repositories in DEFAULT mode.
22:44:34.898 [main] INFO  o.s.d.r.c.RepositoryConfigurationDelegate -  - Finished Spring Data repository scanning in 5 ms. Found 0 Redis repository interfaces.
22:44:35.054 [main] INFO  o.s.b.w.e.tomcat.TomcatWebServer -  - Tomcat initialized with port 0 (http)
22:44:35.059 [main] INFO  o.a.coyote.http11.Http11NioProtocol -  - Initializing ProtocolHandler ["http-nio-auto-1"]
22:44:35.060 [main] INFO  o.a.catalina.core.StandardService -  - Starting service [Tomcat]
22:44:35.060 [main] INFO  o.a.catalina.core.StandardEngine -  - Starting Servlet engine: [Apache Tomcat/10.1.19]
22:44:35.095 [main] INFO  o.a.c.c.C.[Tomcat].[localhost].[/] -  - Initializing Spring embedded WebApplicationContext
22:44:35.095 [main] INFO  o.s.b.w.s.c.ServletWebServerApplicationContext -  - Root WebApplicationContext: initialization completed in 528 ms
22:44:35.747 [main] INFO  o.s.b.a.e.web.EndpointLinksResolver -  - Exposing 1 endpoint(s) beneath base path '/actuator'
22:44:35.777 [main] INFO  o.a.coyote.http11.Http11NioProtocol -  - Starting ProtocolHandler ["http-nio-auto-1"]
22:44:35.791 [main] INFO  o.s.b.w.e.tomcat.TomcatWebServer -  - Tomcat started on port 64438 (http) with context path ''
22:44:35.793 [main] INFO  o.s.a.r.c.CachingConnectionFactory -  - Attempting to connect to: [localhost:64432]
22:44:35.825 [main] INFO  o.s.a.r.c.CachingConnectionFactory -  - Created new connection: rabbitConnectionFactory#734990c1:0/SimpleConnection@5d186b14 [delegate=amqp://guest@127.0.0.1:64432/, localPort=64439]
22:44:35.829 [main] INFO  o.s.amqp.rabbit.core.RabbitAdmin -  - Auto-declaring a non-durable, auto-delete, or exclusive Queue (player_request_queue) durable:false, auto-delete:false, exclusive:false. It will be redeclared if the broker stops and is restarted while the connection factory is alive, but all messages will be lost.
22:44:35.869 [main] INFO  c.i.t.TopScorerApplicationTests -  - Started TopScorerApplicationTests in 1.319 seconds (process running for 14.09)
22:44:35.913 [task-1] INFO  c.i.t.service.impl.FileObserver -  - observing ./files
22:44:35.952 [http-nio-auto-1-exec-1] INFO  o.a.c.c.C.[Tomcat].[localhost].[/] -  - Initializing Spring DispatcherServlet 'dispatcherServlet'
22:44:35.952 [http-nio-auto-1-exec-1] INFO  o.s.web.servlet.DispatcherServlet -  - Initializing Servlet 'dispatcherServlet'
22:44:35.953 [http-nio-auto-1-exec-1] INFO  o.s.web.servlet.DispatcherServlet -  - Completed initialization in 1 ms
22:44:35.956 [http-nio-auto-1-exec-1] INFO  c.i.t.s.impl.PlayerScoreServiceImpl - requestId=RQd2920d6e999b4c779a352ee43b1c5ad2 - Getting top 5 scores
22:44:36.156 [http-nio-auto-1-exec-1] INFO  c.i.t.service.impl.CacheHandler - requestId=RQd2920d6e999b4c779a352ee43b1c5ad2 - Cache has data size of 0 for key playerScore:game1
22:44:36.163 [http-nio-auto-1-exec-1] INFO  com.zaxxer.hikari.HikariDataSource - requestId=RQd2920d6e999b4c779a352ee43b1c5ad2 - HikariPool-1 - Starting...
22:44:36.211 [http-nio-auto-1-exec-1] INFO  com.zaxxer.hikari.pool.HikariPool - requestId=RQd2920d6e999b4c779a352ee43b1c5ad2 - HikariPool-1 - Added connection org.postgresql.jdbc.PgConnection@7a7b5ae
22:44:36.213 [http-nio-auto-1-exec-1] INFO  com.zaxxer.hikari.HikariDataSource - requestId=RQd2920d6e999b4c779a352ee43b1c5ad2 - HikariPool-1 - Start completed.
22:44:36.238 [http-nio-auto-1-exec-1] INFO  c.i.t.filter.AccessLogFilter -  - {requestTime=283, status_family=2xx, status_code=200, method=get, api_version=v1, uri=/v1/score/id}
]]></system-out>
  </testcase>
  <testcase name="contextLoads" classname="com.intuit.topscorerservice.TopScorerApplicationTests" time="0.002"/>
</testsuite>